<?xml version="1.0" encoding="UTF-8"?>
<!-- Generated by org.testng.reporters.JUnitReportReporter -->
<testsuite skipped="0" hostname="ip-172-31-88-119" name="com.example.NewTest" tests="1" failures="0" timestamp="08 Nov 2021 08:06:36 GMT" time="0.602" errors="0">
  <testcase name="testEasy" time="0.602" classname="com.example.NewTest"/>
</testsuite> <!-- com.example.NewTest -->
